2023-10-12 17:42:13 INFO  TestBase:39 - Navigating to https://naveenautomationlabs.com/opencart/index.php?route=account/login
2023-10-12 17:42:29 INFO  TestBase:45 - Navigated to https://naveenautomationlabs.com/opencart/index.php?route=account/login
2023-10-12 17:42:29 INFO  TestBase:87 - Finding element using By.id: input-email
2023-10-12 17:42:29 INFO  TestBase:93 - Found element using By.id: input-email
2023-10-12 17:42:29 INFO  TestBase:87 - Finding element using By.id: input-password
2023-10-12 17:42:29 INFO  TestBase:93 - Found element using By.id: input-password
2023-10-12 17:42:29 INFO  TestBase:87 - Finding element using By.cssSelector: input[type='Submit']
2023-10-12 17:42:29 INFO  TestBase:93 - Found element using By.cssSelector: input[type='Submit']
2023-10-12 17:42:29 INFO  TestBase:99 - Clicking on 
2023-10-12 17:42:30 INFO  TestBase:105 - Clicked on [[ChromeDriver: chrome on WINDOWS (1b0b9bdaef2b0e9fab5c8db5a3df2fca)] -> css selector: input[type='Submit']]
2023-10-12 17:42:30 INFO  TestBase:87 - Finding element using By.xpath: //aside[@id='column-right']//div//a
2023-10-12 17:42:30 INFO  TestBase:93 - Found element using By.xpath: //aside[@id='column-right']//div//a
2023-10-12 17:42:30 INFO  TestBase:165 - Getting text on My Account
2023-10-12 17:42:30 INFO  TestBase:171 - Got text on My Account
2023-10-12 17:42:30 INFO  TestBase:165 - Getting text on My Account
2023-10-12 17:42:30 INFO  TestBase:171 - Got text on My Account
2023-10-12 17:42:30 INFO  TestBase:165 - Getting text on Edit Account
2023-10-12 17:42:30 INFO  TestBase:171 - Got text on Edit Account
2023-10-12 17:42:30 INFO  TestBase:165 - Getting text on Edit Account
2023-10-12 17:42:30 INFO  TestBase:171 - Got text on Edit Account
2023-10-12 17:42:30 INFO  TestBase:99 - Clicking on Edit Account
2023-10-12 17:42:31 INFO  TestBase:105 - Clicked on [[ChromeDriver: chrome on WINDOWS (1b0b9bdaef2b0e9fab5c8db5a3df2fca)] -> xpath: //aside[@id='column-right']//div//a]
2023-10-12 17:42:31 INFO  TestBase:87 - Finding element using By.id: input-firstname
2023-10-12 17:42:31 INFO  TestBase:93 - Found element using By.id: input-firstname
2023-10-12 17:42:31 INFO  TestBase:87 - Finding element using By.cssSelector: input[value='Continue']
2023-10-12 17:42:31 INFO  TestBase:93 - Found element using By.cssSelector: input[value='Continue']
2023-10-12 17:42:31 INFO  TestBase:99 - Clicking on 
2023-10-12 17:42:32 INFO  TestBase:105 - Clicked on [[ChromeDriver: chrome on WINDOWS (1b0b9bdaef2b0e9fab5c8db5a3df2fca)] -> css selector: input[value='Continue']]
2023-10-12 17:42:32 INFO  TestBase:87 - Finding element using By.xpath: //aside[@id='column-right']//div//a
2023-10-12 17:42:32 INFO  TestBase:93 - Found element using By.xpath: //aside[@id='column-right']//div//a
2023-10-12 17:42:32 INFO  TestBase:87 - Finding element using By.cssSelector: div.alert-success
2023-10-12 17:42:32 INFO  TestBase:93 - Found element using By.cssSelector: div.alert-success
2023-10-12 17:42:32 INFO  TestBase:165 - Getting text on Success: Your account has been successfully updated.
2023-10-12 17:42:32 INFO  TestBase:171 - Got text on Success: Your account has been successfully updated.
2023-10-12 18:12:30 INFO  TestBase:39 - Navigating to https://naveenautomationlabs.com/opencart/index.php?route=account/login
2023-10-12 18:12:33 INFO  TestBase:45 - Navigated to https://naveenautomationlabs.com/opencart/index.php?route=account/login
2023-10-12 18:12:33 INFO  TestBase:87 - Finding element using By.id: input-email
2023-10-12 18:12:33 INFO  TestBase:93 - Found element using By.id: input-email
2023-10-12 18:12:33 INFO  TestBase:87 - Finding element using By.id: input-password
2023-10-12 18:12:33 INFO  TestBase:93 - Found element using By.id: input-password
2023-10-12 18:12:33 INFO  TestBase:87 - Finding element using By.cssSelector: input[type='Submit']
2023-10-12 18:12:34 INFO  TestBase:93 - Found element using By.cssSelector: input[type='Submit']
2023-10-12 18:12:34 INFO  TestBase:99 - Clicking on 
2023-10-12 18:12:34 INFO  TestBase:105 - Clicked on [[ChromeDriver: chrome on WINDOWS (6ef1a141fe08a02023f46639a2d5c7bd)] -> css selector: input[type='Submit']]
2023-10-12 18:12:34 INFO  TestBase:87 - Finding element using By.xpath: //aside[@id='column-right']//div//a
2023-10-12 18:12:34 INFO  TestBase:93 - Found element using By.xpath: //aside[@id='column-right']//div//a
2023-10-12 18:12:34 INFO  TestBase:165 - Getting text on My Account
2023-10-12 18:12:34 INFO  TestBase:171 - Got text on My Account
2023-10-12 18:12:34 INFO  TestBase:165 - Getting text on My Account
2023-10-12 18:12:34 INFO  TestBase:171 - Got text on My Account
2023-10-12 18:12:34 INFO  TestBase:165 - Getting text on Edit Account
2023-10-12 18:12:34 INFO  TestBase:171 - Got text on Edit Account
2023-10-12 18:12:34 INFO  TestBase:165 - Getting text on Edit Account
2023-10-12 18:12:34 INFO  TestBase:171 - Got text on Edit Account
2023-10-12 18:12:34 INFO  TestBase:99 - Clicking on Edit Account
2023-10-12 18:12:35 INFO  TestBase:105 - Clicked on [[ChromeDriver: chrome on WINDOWS (6ef1a141fe08a02023f46639a2d5c7bd)] -> xpath: //aside[@id='column-right']//div//a]
2023-10-12 18:12:35 INFO  TestBase:87 - Finding element using By.id: input-firstname
2023-10-12 18:12:35 INFO  TestBase:93 - Found element using By.id: input-firstname
2023-10-12 18:12:35 INFO  TestBase:87 - Finding element using By.cssSelector: input[value='Continue']
2023-10-12 18:12:35 INFO  TestBase:93 - Found element using By.cssSelector: input[value='Continue']
2023-10-12 18:12:35 INFO  TestBase:99 - Clicking on 
2023-10-12 18:12:36 INFO  TestBase:105 - Clicked on [[ChromeDriver: chrome on WINDOWS (6ef1a141fe08a02023f46639a2d5c7bd)] -> css selector: input[value='Continue']]
2023-10-12 18:12:36 INFO  TestBase:87 - Finding element using By.xpath: //aside[@id='column-right']//div//a
2023-10-12 18:12:36 INFO  TestBase:93 - Found element using By.xpath: //aside[@id='column-right']//div//a
2023-10-12 18:12:36 INFO  TestBase:87 - Finding element using By.cssSelector: div.alert-success
2023-10-12 18:12:36 INFO  TestBase:93 - Found element using By.cssSelector: div.alert-success
2023-10-12 18:12:36 INFO  TestBase:165 - Getting text on Success: Your account has been successfully updated.
2023-10-12 18:12:36 INFO  TestBase:171 - Got text on Success: Your account has been successfully updated.
2023-10-12 18:30:27 INFO  TestBase:39 - Navigating to https://naveenautomationlabs.com/opencart/index.php?route=account/login
2023-10-12 18:30:30 INFO  TestBase:45 - Navigated to https://naveenautomationlabs.com/opencart/index.php?route=account/login
2023-10-12 18:30:31 INFO  TestBase:87 - Finding element using By.id: input-email
2023-10-12 18:30:31 INFO  TestBase:93 - Found element using By.id: input-email
2023-10-12 18:30:31 INFO  TestBase:87 - Finding element using By.id: input-password
2023-10-12 18:30:31 INFO  TestBase:93 - Found element using By.id: input-password
2023-10-12 18:30:31 INFO  TestBase:87 - Finding element using By.cssSelector: input[type='Submit']
2023-10-12 18:30:31 INFO  TestBase:93 - Found element using By.cssSelector: input[type='Submit']
2023-10-12 18:30:31 INFO  TestBase:99 - Clicking on 
2023-10-12 18:30:32 INFO  TestBase:105 - Clicked on [[ChromeDriver: chrome on WINDOWS (463a1ba1230fe6e26e5baa277bc4e011)] -> css selector: input[type='Submit']]
2023-10-12 18:30:32 INFO  TestBase:87 - Finding element using By.xpath: //aside[@id='column-right']//div//a
2023-10-12 18:30:32 INFO  TestBase:93 - Found element using By.xpath: //aside[@id='column-right']//div//a
2023-10-12 18:30:32 INFO  TestBase:165 - Getting text on My Account
2023-10-12 18:30:32 INFO  TestBase:171 - Got text on My Account
2023-10-12 18:30:32 INFO  TestBase:165 - Getting text on My Account
2023-10-12 18:30:32 INFO  TestBase:171 - Got text on My Account
2023-10-12 18:30:32 INFO  TestBase:165 - Getting text on Edit Account
2023-10-12 18:30:32 INFO  TestBase:171 - Got text on Edit Account
2023-10-12 18:30:32 INFO  TestBase:165 - Getting text on Edit Account
2023-10-12 18:30:32 INFO  TestBase:171 - Got text on Edit Account
2023-10-12 18:30:32 INFO  TestBase:99 - Clicking on Edit Account
2023-10-12 18:30:33 INFO  TestBase:105 - Clicked on [[ChromeDriver: chrome on WINDOWS (463a1ba1230fe6e26e5baa277bc4e011)] -> xpath: //aside[@id='column-right']//div//a]
2023-10-12 18:30:33 INFO  TestBase:87 - Finding element using By.id: input-firstname
2023-10-12 18:30:33 INFO  TestBase:93 - Found element using By.id: input-firstname
2023-10-12 18:30:33 INFO  TestBase:87 - Finding element using By.cssSelector: input[value='Continue']
2023-10-12 18:30:33 INFO  TestBase:93 - Found element using By.cssSelector: input[value='Continue']
2023-10-12 18:30:33 INFO  TestBase:99 - Clicking on 
2023-10-12 18:30:34 INFO  TestBase:105 - Clicked on [[ChromeDriver: chrome on WINDOWS (463a1ba1230fe6e26e5baa277bc4e011)] -> css selector: input[value='Continue']]
2023-10-12 18:30:34 INFO  TestBase:87 - Finding element using By.xpath: //aside[@id='column-right']//div//a
2023-10-12 18:30:34 INFO  TestBase:93 - Found element using By.xpath: //aside[@id='column-right']//div//a
2023-10-12 18:30:34 INFO  TestBase:87 - Finding element using By.cssSelector: div.alert-success
2023-10-12 18:30:34 INFO  TestBase:93 - Found element using By.cssSelector: div.alert-success
2023-10-12 18:30:34 INFO  TestBase:165 - Getting text on Success: Your account has been successfully updated.
2023-10-12 18:30:34 INFO  TestBase:171 - Got text on Success: Your account has been successfully updated.
2023-10-12 18:47:05 INFO  TestBase:39 - Navigating to https://naveenautomationlabs.com/opencart/index.php?route=account/login
2023-10-12 18:47:09 INFO  TestBase:45 - Navigated to https://naveenautomationlabs.com/opencart/index.php?route=account/login
2023-10-12 18:51:38 INFO  TestBase:39 - Navigating to https://naveenautomationlabs.com/opencart/index.php?route=account/login
2023-10-12 18:51:41 INFO  TestBase:45 - Navigated to https://naveenautomationlabs.com/opencart/index.php?route=account/login
2023-10-12 18:51:42 INFO  TestBase:39 - Navigating to https://naveenautomationlabs.com/opencart/index.php?route=account/login
2023-10-12 18:51:46 INFO  TestBase:45 - Navigated to https://naveenautomationlabs.com/opencart/index.php?route=account/login
2023-10-12 18:51:46 INFO  TestBase:87 - Finding element using By.id: input-email
2023-10-12 18:51:46 INFO  TestBase:93 - Found element using By.id: input-email
2023-10-12 18:51:46 INFO  TestBase:87 - Finding element using By.id: input-password
2023-10-12 18:51:47 INFO  TestBase:93 - Found element using By.id: input-password
2023-10-12 18:51:47 INFO  TestBase:87 - Finding element using By.cssSelector: input[type='Submit']
2023-10-12 18:51:47 INFO  TestBase:93 - Found element using By.cssSelector: input[type='Submit']
2023-10-12 18:51:47 INFO  TestBase:99 - Clicking on 
2023-10-12 18:51:47 INFO  TestBase:105 - Clicked on [[ChromeDriver: chrome on WINDOWS (b7b1303bdccc88d19b2f844ff05ce518)] -> css selector: input[type='Submit']]
2023-10-12 18:51:47 INFO  TestBase:87 - Finding element using By.xpath: //aside[@id='column-right']//div//a
2023-10-12 18:51:47 INFO  TestBase:93 - Found element using By.xpath: //aside[@id='column-right']//div//a
2023-10-12 18:51:47 INFO  TestBase:165 - Getting text on My Account
2023-10-12 18:51:47 INFO  TestBase:171 - Got text on My Account
2023-10-12 18:51:47 INFO  TestBase:165 - Getting text on My Account
2023-10-12 18:51:47 INFO  TestBase:171 - Got text on My Account
2023-10-12 18:51:47 INFO  TestBase:165 - Getting text on Edit Account
2023-10-12 18:51:47 INFO  TestBase:171 - Got text on Edit Account
2023-10-12 18:51:47 INFO  TestBase:165 - Getting text on Edit Account
2023-10-12 18:51:47 INFO  TestBase:171 - Got text on Edit Account
2023-10-12 18:51:48 INFO  TestBase:99 - Clicking on Edit Account
2023-10-12 18:51:48 INFO  TestBase:105 - Clicked on [[ChromeDriver: chrome on WINDOWS (b7b1303bdccc88d19b2f844ff05ce518)] -> xpath: //aside[@id='column-right']//div//a]
2023-10-12 18:51:48 INFO  TestBase:87 - Finding element using By.id: input-firstname
2023-10-12 18:51:48 INFO  TestBase:93 - Found element using By.id: input-firstname
2023-10-12 18:51:48 INFO  TestBase:87 - Finding element using By.cssSelector: input[value='Continue']
2023-10-12 18:51:48 INFO  TestBase:93 - Found element using By.cssSelector: input[value='Continue']
2023-10-12 18:51:48 INFO  TestBase:99 - Clicking on 
2023-10-12 18:51:49 INFO  TestBase:105 - Clicked on [[ChromeDriver: chrome on WINDOWS (b7b1303bdccc88d19b2f844ff05ce518)] -> css selector: input[value='Continue']]
2023-10-12 18:51:49 INFO  TestBase:87 - Finding element using By.xpath: //aside[@id='column-right']//div//a
2023-10-12 18:51:49 INFO  TestBase:93 - Found element using By.xpath: //aside[@id='column-right']//div//a
2023-10-12 18:51:49 INFO  TestBase:87 - Finding element using By.cssSelector: div.alert-success
2023-10-12 18:51:49 INFO  TestBase:93 - Found element using By.cssSelector: div.alert-success
2023-10-12 18:51:49 INFO  TestBase:165 - Getting text on Success: Your account has been successfully updated.
2023-10-12 18:51:49 INFO  TestBase:171 - Got text on Success: Your account has been successfully updated.
2023-10-12 18:52:41 INFO  TestBase:39 - Navigating to https://naveenautomationlabs.com/opencart/index.php?route=account/login
2023-10-12 18:52:44 INFO  TestBase:45 - Navigated to https://naveenautomationlabs.com/opencart/index.php?route=account/login
2023-10-12 18:52:45 INFO  TestBase:87 - Finding element using By.id: input-email
2023-10-12 18:52:45 INFO  TestBase:93 - Found element using By.id: input-email
2023-10-12 18:52:45 INFO  TestBase:87 - Finding element using By.id: input-password
2023-10-12 18:52:45 INFO  TestBase:93 - Found element using By.id: input-password
2023-10-12 18:52:45 INFO  TestBase:87 - Finding element using By.cssSelector: input[type='Submit']
2023-10-12 18:52:45 INFO  TestBase:93 - Found element using By.cssSelector: input[type='Submit']
2023-10-12 18:52:45 INFO  TestBase:99 - Clicking on 
2023-10-12 18:52:45 INFO  TestBase:105 - Clicked on [[ChromeDriver: chrome on WINDOWS (4f5ee2c63ef33b006f509f99566d2a44)] -> css selector: input[type='Submit']]
2023-10-12 18:52:45 INFO  TestBase:87 - Finding element using By.xpath: //aside[@id='column-right']//div//a
2023-10-12 18:52:45 INFO  TestBase:93 - Found element using By.xpath: //aside[@id='column-right']//div//a
2023-10-12 18:52:45 INFO  TestBase:87 - Finding element using By.xpath: //aside[@id='column-right']//div//a
2023-10-12 18:52:45 INFO  TestBase:93 - Found element using By.xpath: //aside[@id='column-right']//div//a
2023-10-12 18:52:45 INFO  TestBase:165 - Getting text on Login
2023-10-12 18:52:45 INFO  TestBase:171 - Got text on Login
2023-10-12 18:52:45 INFO  TestBase:165 - Getting text on Login
2023-10-12 18:52:45 INFO  TestBase:171 - Got text on Login
2023-10-12 18:52:45 INFO  TestBase:165 - Getting text on Register
2023-10-12 18:52:45 INFO  TestBase:171 - Got text on Register
2023-10-12 18:52:45 INFO  TestBase:165 - Getting text on Register
2023-10-12 18:52:45 INFO  TestBase:171 - Got text on Register
2023-10-12 18:52:45 INFO  TestBase:165 - Getting text on Forgotten Password
2023-10-12 18:52:45 INFO  TestBase:171 - Got text on Forgotten Password
2023-10-12 18:52:45 INFO  TestBase:165 - Getting text on Forgotten Password
2023-10-12 18:52:45 INFO  TestBase:171 - Got text on Forgotten Password
2023-10-12 18:52:45 INFO  TestBase:165 - Getting text on My Account
2023-10-12 18:52:46 INFO  TestBase:171 - Got text on My Account
2023-10-12 18:52:46 INFO  TestBase:165 - Getting text on My Account
2023-10-12 18:52:46 INFO  TestBase:171 - Got text on My Account
2023-10-12 18:52:46 INFO  TestBase:165 - Getting text on Address Book
2023-10-12 18:52:46 INFO  TestBase:171 - Got text on Address Book
2023-10-12 18:52:46 INFO  TestBase:165 - Getting text on Address Book
2023-10-12 18:52:46 INFO  TestBase:171 - Got text on Address Book
2023-10-12 18:52:46 INFO  TestBase:165 - Getting text on Wish List
2023-10-12 18:52:46 INFO  TestBase:171 - Got text on Wish List
2023-10-12 18:52:46 INFO  TestBase:165 - Getting text on Wish List
2023-10-12 18:52:46 INFO  TestBase:171 - Got text on Wish List
2023-10-12 18:52:46 INFO  TestBase:165 - Getting text on Order History
2023-10-12 18:52:46 INFO  TestBase:171 - Got text on Order History
2023-10-12 18:52:46 INFO  TestBase:165 - Getting text on Order History
2023-10-12 18:52:46 INFO  TestBase:171 - Got text on Order History
2023-10-12 18:52:46 INFO  TestBase:165 - Getting text on Downloads
2023-10-12 18:52:46 INFO  TestBase:171 - Got text on Downloads
2023-10-12 18:52:46 INFO  TestBase:165 - Getting text on Downloads
2023-10-12 18:52:46 INFO  TestBase:171 - Got text on Downloads
2023-10-12 18:52:46 INFO  TestBase:165 - Getting text on Recurring payments
2023-10-12 18:52:46 INFO  TestBase:171 - Got text on Recurring payments
2023-10-12 18:52:46 INFO  TestBase:165 - Getting text on Recurring payments
2023-10-12 18:52:46 INFO  TestBase:171 - Got text on Recurring payments
2023-10-12 18:52:46 INFO  TestBase:165 - Getting text on Reward Points
2023-10-12 18:52:46 INFO  TestBase:171 - Got text on Reward Points
2023-10-12 18:52:46 INFO  TestBase:165 - Getting text on Reward Points
2023-10-12 18:52:46 INFO  TestBase:171 - Got text on Reward Points
2023-10-12 18:52:46 INFO  TestBase:165 - Getting text on Returns
2023-10-12 18:52:46 INFO  TestBase:171 - Got text on Returns
2023-10-12 18:52:46 INFO  TestBase:165 - Getting text on Returns
2023-10-12 18:52:46 INFO  TestBase:171 - Got text on Returns
2023-10-12 18:52:46 INFO  TestBase:165 - Getting text on Transactions
2023-10-12 18:52:46 INFO  TestBase:171 - Got text on Transactions
2023-10-12 18:52:46 INFO  TestBase:165 - Getting text on Transactions
2023-10-12 18:52:46 INFO  TestBase:171 - Got text on Transactions
2023-10-12 18:52:46 INFO  TestBase:165 - Getting text on Newsletter
2023-10-12 18:52:46 INFO  TestBase:171 - Got text on Newsletter
2023-10-12 18:52:46 INFO  TestBase:165 - Getting text on Newsletter
2023-10-12 18:52:46 INFO  TestBase:171 - Got text on Newsletter
2023-10-12 18:52:46 INFO  TestBase:87 - Finding element using By.cssSelector: #content>h1
2023-10-12 19:33:45 INFO  TestBase:39 - Navigating to https://naveenautomationlabs.com/opencart/index.php?route=account/login
2023-10-12 19:33:48 INFO  TestBase:45 - Navigated to https://naveenautomationlabs.com/opencart/index.php?route=account/login
2023-10-12 19:33:49 INFO  TestBase:87 - Finding element using By.id: input-email
2023-10-12 19:33:49 INFO  TestBase:93 - Found element using By.id: input-email
2023-10-12 19:33:49 INFO  TestBase:87 - Finding element using By.id: input-password
2023-10-12 19:33:49 INFO  TestBase:93 - Found element using By.id: input-password
2023-10-12 19:33:49 INFO  TestBase:87 - Finding element using By.cssSelector: input[type='Submit']
2023-10-12 19:33:49 INFO  TestBase:93 - Found element using By.cssSelector: input[type='Submit']
2023-10-12 19:33:49 INFO  TestBase:99 - Clicking on 
2023-10-12 19:33:50 INFO  TestBase:105 - Clicked on [[ChromeDriver: chrome on WINDOWS (52d57c53179654b7f2ff28d0e974bd2c)] -> css selector: input[type='Submit']]
2023-10-12 19:33:50 INFO  TestBase:87 - Finding element using By.xpath: //aside[@id='column-right']//div//a
2023-10-12 19:33:50 INFO  TestBase:93 - Found element using By.xpath: //aside[@id='column-right']//div//a
2023-10-12 19:33:50 INFO  TestBase:87 - Finding element using By.xpath: //aside[@id='column-right']//div//a
2023-10-12 19:33:50 INFO  TestBase:93 - Found element using By.xpath: //aside[@id='column-right']//div//a
2023-10-12 19:33:50 INFO  TestBase:165 - Getting text on My Account
2023-10-12 19:33:50 INFO  TestBase:171 - Got text on My Account
2023-10-12 19:33:50 INFO  TestBase:165 - Getting text on My Account
2023-10-12 19:33:50 INFO  TestBase:171 - Got text on My Account
2023-10-12 19:33:50 INFO  TestBase:165 - Getting text on Edit Account
2023-10-12 19:33:50 INFO  TestBase:171 - Got text on Edit Account
2023-10-12 19:33:50 INFO  TestBase:165 - Getting text on Edit Account
2023-10-12 19:33:50 INFO  TestBase:171 - Got text on Edit Account
2023-10-12 19:33:50 INFO  TestBase:165 - Getting text on Password
2023-10-12 19:33:50 INFO  TestBase:171 - Got text on Password
2023-10-12 19:33:50 INFO  TestBase:165 - Getting text on Password
2023-10-12 19:33:50 INFO  TestBase:171 - Got text on Password
2023-10-12 19:33:50 INFO  TestBase:99 - Clicking on Password
2023-10-12 19:33:50 INFO  TestBase:105 - Clicked on [[ChromeDriver: chrome on WINDOWS (52d57c53179654b7f2ff28d0e974bd2c)] -> xpath: //aside[@id='column-right']//div//a]
2023-10-12 19:33:50 INFO  TestBase:87 - Finding element using By.xpath: //h1[text()='Change Password']
2023-10-12 19:33:50 INFO  TestBase:93 - Found element using By.xpath: //h1[text()='Change Password']
2023-10-12 19:33:50 INFO  TestBase:165 - Getting text on Change Password
2023-10-12 19:33:50 INFO  TestBase:171 - Got text on Change Password
2023-10-12 19:33:50 INFO  TestBase:87 - Finding element using By.cssSelector: #input-password
2023-10-12 19:33:51 INFO  TestBase:93 - Found element using By.cssSelector: #input-password
2023-10-12 19:33:51 INFO  TestBase:87 - Finding element using By.cssSelector: #input-confirm
2023-10-12 19:33:51 INFO  TestBase:93 - Found element using By.cssSelector: #input-confirm
2023-10-12 19:33:51 INFO  TestBase:87 - Finding element using By.cssSelector: input[type='submit']
2023-10-12 19:33:51 INFO  TestBase:93 - Found element using By.cssSelector: input[type='submit']
2023-10-12 19:33:51 INFO  TestBase:99 - Clicking on 
2023-10-12 19:33:51 INFO  TestBase:105 - Clicked on [[ChromeDriver: chrome on WINDOWS (52d57c53179654b7f2ff28d0e974bd2c)] -> css selector: input[type='submit']]
2023-10-12 19:33:51 INFO  TestBase:87 - Finding element using By.xpath: //aside[@id='column-right']//div//a
2023-10-12 19:33:51 INFO  TestBase:93 - Found element using By.xpath: //aside[@id='column-right']//div//a
2023-10-12 19:33:51 INFO  TestBase:87 - Finding element using By.cssSelector: div.alert-success
2023-10-12 19:33:51 INFO  TestBase:93 - Found element using By.cssSelector: div.alert-success
2023-10-12 19:33:51 INFO  TestBase:165 - Getting text on Success: Your password has been successfully updated.
2023-10-12 19:33:51 INFO  TestBase:171 - Got text on Success: Your password has been successfully updated.
2023-10-12 21:35:09 INFO  TestBase:39 - Navigating to https://naveenautomationlabs.com/opencart/index.php?route=account/login
2023-10-12 21:35:12 INFO  TestBase:45 - Navigated to https://naveenautomationlabs.com/opencart/index.php?route=account/login
2023-10-12 21:35:14 INFO  TestBase:87 - Finding element using By.id: input-email
2023-10-12 21:35:14 INFO  TestBase:93 - Found element using By.id: input-email
2023-10-12 21:35:14 INFO  TestBase:87 - Finding element using By.id: input-password
2023-10-12 21:35:14 INFO  TestBase:93 - Found element using By.id: input-password
2023-10-12 21:35:14 INFO  TestBase:87 - Finding element using By.cssSelector: input[type='Submit']
2023-10-12 21:35:14 INFO  TestBase:93 - Found element using By.cssSelector: input[type='Submit']
2023-10-12 21:35:14 INFO  TestBase:99 - Clicking on 
2023-10-12 21:35:15 INFO  TestBase:105 - Clicked on [[ChromeDriver: chrome on WINDOWS (27c6c27c37cd8080012da9ddf48b9e88)] -> css selector: input[type='Submit']]
2023-10-12 21:35:15 INFO  TestBase:87 - Finding element using By.xpath: //aside[@id='column-right']//div//a
2023-10-12 21:35:15 INFO  TestBase:93 - Found element using By.xpath: //aside[@id='column-right']//div//a
2023-10-12 21:35:15 INFO  TestBase:165 - Getting text on My Account
2023-10-12 21:35:15 INFO  TestBase:171 - Got text on My Account
2023-10-12 21:35:15 INFO  TestBase:165 - Getting text on My Account
2023-10-12 21:35:15 INFO  TestBase:171 - Got text on My Account
2023-10-12 21:35:15 INFO  TestBase:165 - Getting text on Edit Account
2023-10-12 21:35:15 INFO  TestBase:171 - Got text on Edit Account
2023-10-12 21:35:15 INFO  TestBase:165 - Getting text on Edit Account
2023-10-12 21:35:15 INFO  TestBase:171 - Got text on Edit Account
2023-10-12 21:35:15 INFO  TestBase:99 - Clicking on Edit Account
2023-10-12 21:35:16 INFO  TestBase:105 - Clicked on [[ChromeDriver: chrome on WINDOWS (27c6c27c37cd8080012da9ddf48b9e88)] -> xpath: //aside[@id='column-right']//div//a]
2023-10-12 21:35:16 INFO  TestBase:87 - Finding element using By.id: input-firstname
2023-10-12 21:35:16 INFO  TestBase:93 - Found element using By.id: input-firstname
2023-10-12 21:35:16 INFO  TestBase:87 - Finding element using By.cssSelector: input[value='Continue']
2023-10-12 21:35:16 INFO  TestBase:93 - Found element using By.cssSelector: input[value='Continue']
2023-10-12 21:35:16 INFO  TestBase:99 - Clicking on 
2023-10-12 21:35:16 INFO  TestBase:105 - Clicked on [[ChromeDriver: chrome on WINDOWS (27c6c27c37cd8080012da9ddf48b9e88)] -> css selector: input[value='Continue']]
2023-10-12 21:35:16 INFO  TestBase:87 - Finding element using By.xpath: //aside[@id='column-right']//div//a
2023-10-12 21:35:16 INFO  TestBase:93 - Found element using By.xpath: //aside[@id='column-right']//div//a
2023-10-12 21:35:16 INFO  TestBase:87 - Finding element using By.cssSelector: div.alert-success
2023-10-12 21:41:39 INFO  TestBase:39 - Navigating to https://naveenautomationlabs.com/opencart/index.php?route=account/login
2023-10-12 21:41:43 INFO  TestBase:45 - Navigated to https://naveenautomationlabs.com/opencart/index.php?route=account/login
2023-10-12 21:41:44 INFO  TestBase:87 - Finding element using By.id: input-email
2023-10-12 21:41:44 INFO  TestBase:93 - Found element using By.id: input-email
2023-10-12 21:41:45 INFO  TestBase:87 - Finding element using By.id: input-password
2023-10-12 21:41:45 INFO  TestBase:93 - Found element using By.id: input-password
2023-10-12 21:41:45 INFO  TestBase:87 - Finding element using By.cssSelector: input[type='Submit']
2023-10-12 21:41:45 INFO  TestBase:93 - Found element using By.cssSelector: input[type='Submit']
2023-10-12 21:41:45 INFO  TestBase:99 - Clicking on 
2023-10-12 21:41:46 INFO  TestBase:105 - Clicked on [[ChromeDriver: chrome on WINDOWS (95ea2fb1b9b2e4df5f45977397968f5d)] -> css selector: input[type='Submit']]
2023-10-12 21:41:46 INFO  TestBase:87 - Finding element using By.xpath: //aside[@id='column-right']//div//a
2023-10-12 21:41:46 INFO  TestBase:93 - Found element using By.xpath: //aside[@id='column-right']//div//a
2023-10-12 21:41:46 INFO  TestBase:165 - Getting text on My Account
2023-10-12 21:41:46 INFO  TestBase:171 - Got text on My Account
2023-10-12 21:41:46 INFO  TestBase:165 - Getting text on My Account
2023-10-12 21:41:46 INFO  TestBase:171 - Got text on My Account
2023-10-12 21:41:46 INFO  TestBase:165 - Getting text on Edit Account
2023-10-12 21:41:46 INFO  TestBase:171 - Got text on Edit Account
2023-10-12 21:41:46 INFO  TestBase:165 - Getting text on Edit Account
2023-10-12 21:41:46 INFO  TestBase:171 - Got text on Edit Account
2023-10-12 21:41:46 INFO  TestBase:99 - Clicking on Edit Account
2023-10-12 21:41:47 INFO  TestBase:105 - Clicked on [[ChromeDriver: chrome on WINDOWS (95ea2fb1b9b2e4df5f45977397968f5d)] -> xpath: //aside[@id='column-right']//div//a]
2023-10-12 21:41:47 INFO  TestBase:87 - Finding element using By.id: input-firstname
2023-10-12 21:41:47 INFO  TestBase:93 - Found element using By.id: input-firstname
2023-10-12 21:41:47 INFO  TestBase:87 - Finding element using By.cssSelector: input[value='Continue']
2023-10-12 21:41:47 INFO  TestBase:93 - Found element using By.cssSelector: input[value='Continue']
2023-10-12 21:41:47 INFO  TestBase:99 - Clicking on 
2023-10-12 21:41:47 INFO  TestBase:105 - Clicked on [[ChromeDriver: chrome on WINDOWS (95ea2fb1b9b2e4df5f45977397968f5d)] -> css selector: input[value='Continue']]
2023-10-12 21:41:47 INFO  TestBase:87 - Finding element using By.xpath: //aside[@id='column-right']//div//a
2023-10-12 21:41:48 INFO  TestBase:93 - Found element using By.xpath: //aside[@id='column-right']//div//a
2023-10-12 21:41:48 INFO  TestBase:87 - Finding element using By.cssSelector: div.alert-success
2023-10-12 21:45:23 INFO  TestBase:39 - Navigating to https://naveenautomationlabs.com/opencart/index.php?route=account/login
2023-10-12 21:45:26 INFO  TestBase:45 - Navigated to https://naveenautomationlabs.com/opencart/index.php?route=account/login
2023-10-12 21:45:27 INFO  TestBase:87 - Finding element using By.id: input-email
2023-10-12 21:45:27 INFO  TestBase:93 - Found element using By.id: input-email
2023-10-12 21:45:27 INFO  TestBase:87 - Finding element using By.id: input-password
2023-10-12 21:45:27 INFO  TestBase:93 - Found element using By.id: input-password
2023-10-12 21:45:27 INFO  TestBase:87 - Finding element using By.cssSelector: input[type='Submit']
2023-10-12 21:45:27 INFO  TestBase:93 - Found element using By.cssSelector: input[type='Submit']
2023-10-12 21:45:27 INFO  TestBase:99 - Clicking on 
2023-10-12 21:45:28 INFO  TestBase:105 - Clicked on [[ChromeDriver: chrome on WINDOWS (04675f5659a25fad59fb831f814731a6)] -> css selector: input[type='Submit']]
2023-10-12 21:45:28 INFO  TestBase:87 - Finding element using By.xpath: //aside[@id='column-right']//div//a
2023-10-12 21:45:28 INFO  TestBase:93 - Found element using By.xpath: //aside[@id='column-right']//div//a
2023-10-12 21:45:28 INFO  TestBase:165 - Getting text on My Account
2023-10-12 21:45:28 INFO  TestBase:171 - Got text on My Account
2023-10-12 21:45:28 INFO  TestBase:165 - Getting text on My Account
2023-10-12 21:45:28 INFO  TestBase:171 - Got text on My Account
2023-10-12 21:45:28 INFO  TestBase:165 - Getting text on Edit Account
2023-10-12 21:45:28 INFO  TestBase:171 - Got text on Edit Account
2023-10-12 21:45:28 INFO  TestBase:165 - Getting text on Edit Account
2023-10-12 21:45:28 INFO  TestBase:171 - Got text on Edit Account
2023-10-12 21:45:28 INFO  TestBase:99 - Clicking on Edit Account
2023-10-12 21:45:29 INFO  TestBase:105 - Clicked on [[ChromeDriver: chrome on WINDOWS (04675f5659a25fad59fb831f814731a6)] -> xpath: //aside[@id='column-right']//div//a]
2023-10-12 21:45:29 INFO  TestBase:87 - Finding element using By.id: input-firstname
2023-10-12 21:45:29 INFO  TestBase:93 - Found element using By.id: input-firstname
2023-10-12 21:45:29 INFO  TestBase:87 - Finding element using By.cssSelector: input[value='Continue']
2023-10-12 21:45:29 INFO  TestBase:93 - Found element using By.cssSelector: input[value='Continue']
2023-10-12 21:45:29 INFO  TestBase:99 - Clicking on 
2023-10-12 21:45:30 INFO  TestBase:105 - Clicked on [[ChromeDriver: chrome on WINDOWS (04675f5659a25fad59fb831f814731a6)] -> css selector: input[value='Continue']]
2023-10-12 21:45:30 INFO  TestBase:87 - Finding element using By.xpath: //aside[@id='column-right']//div//a
2023-10-12 21:45:30 INFO  TestBase:93 - Found element using By.xpath: //aside[@id='column-right']//div//a
2023-10-12 21:45:30 INFO  TestBase:87 - Finding element using By.cssSelector: div.alert-success
2023-10-12 21:45:30 INFO  TestBase:93 - Found element using By.cssSelector: div.alert-success
2023-10-12 21:45:30 INFO  TestBase:165 - Getting text on Success: Your account has been successfully updated.
2023-10-12 21:45:30 INFO  TestBase:171 - Got text on Success: Your account has been successfully updated.
2023-10-12 21:58:50 INFO  TestBase:39 - Navigating to https://naveenautomationlabs.com/opencart/index.php?route=account/login
2023-10-12 21:58:54 INFO  TestBase:45 - Navigated to https://naveenautomationlabs.com/opencart/index.php?route=account/login
2023-10-12 21:58:55 INFO  TestBase:39 - Navigating to https://naveenautomationlabs.com/opencart/index.php?route=account/login
2023-10-12 21:58:59 INFO  TestBase:45 - Navigated to https://naveenautomationlabs.com/opencart/index.php?route=account/login
2023-10-12 21:59:00 INFO  TestBase:87 - Finding element using By.id: input-email
2023-10-12 21:59:00 INFO  TestBase:93 - Found element using By.id: input-email
2023-10-12 21:59:00 INFO  TestBase:87 - Finding element using By.id: input-password
2023-10-12 21:59:00 INFO  TestBase:93 - Found element using By.id: input-password
2023-10-12 21:59:00 INFO  TestBase:87 - Finding element using By.cssSelector: input[type='Submit']
2023-10-12 21:59:00 INFO  TestBase:93 - Found element using By.cssSelector: input[type='Submit']
2023-10-12 21:59:00 INFO  TestBase:99 - Clicking on 
2023-10-12 21:59:01 INFO  TestBase:105 - Clicked on [[ChromeDriver: chrome on WINDOWS (b5d0fbe847872e76517b70d3e6c86e88)] -> css selector: input[type='Submit']]
2023-10-12 21:59:01 INFO  TestBase:87 - Finding element using By.xpath: //aside[@id='column-right']//div//a
2023-10-12 21:59:01 INFO  TestBase:93 - Found element using By.xpath: //aside[@id='column-right']//div//a
2023-10-12 21:59:01 INFO  TestBase:165 - Getting text on My Account
2023-10-12 21:59:01 INFO  TestBase:171 - Got text on My Account
2023-10-12 21:59:01 INFO  TestBase:165 - Getting text on My Account
2023-10-12 21:59:01 INFO  TestBase:171 - Got text on My Account
2023-10-12 21:59:01 INFO  TestBase:165 - Getting text on Edit Account
2023-10-12 21:59:01 INFO  TestBase:171 - Got text on Edit Account
2023-10-12 21:59:01 INFO  TestBase:165 - Getting text on Edit Account
2023-10-12 21:59:01 INFO  TestBase:171 - Got text on Edit Account
2023-10-12 21:59:01 INFO  TestBase:99 - Clicking on Edit Account
2023-10-12 21:59:02 INFO  TestBase:105 - Clicked on [[ChromeDriver: chrome on WINDOWS (b5d0fbe847872e76517b70d3e6c86e88)] -> xpath: //aside[@id='column-right']//div//a]
2023-10-12 21:59:02 INFO  TestBase:87 - Finding element using By.id: input-firstname
2023-10-12 21:59:02 INFO  TestBase:93 - Found element using By.id: input-firstname
2023-10-12 21:59:02 INFO  TestBase:87 - Finding element using By.cssSelector: input[value='Continue']
2023-10-12 21:59:02 INFO  TestBase:93 - Found element using By.cssSelector: input[value='Continue']
2023-10-12 21:59:02 INFO  TestBase:99 - Clicking on 
2023-10-12 21:59:02 INFO  TestBase:105 - Clicked on [[ChromeDriver: chrome on WINDOWS (b5d0fbe847872e76517b70d3e6c86e88)] -> css selector: input[value='Continue']]
2023-10-12 21:59:02 INFO  TestBase:87 - Finding element using By.xpath: //aside[@id='column-right']//div//a
2023-10-12 21:59:03 INFO  TestBase:93 - Found element using By.xpath: //aside[@id='column-right']//div//a
2023-10-12 21:59:03 INFO  TestBase:87 - Finding element using By.cssSelector: div.alert-success
2023-10-12 21:59:03 INFO  TestBase:93 - Found element using By.cssSelector: div.alert-success
2023-10-12 21:59:03 INFO  TestBase:165 - Getting text on Success: Your account has been successfully updated.
2023-10-12 21:59:03 INFO  TestBase:171 - Got text on Success: Your account has been successfully updated.
2023-10-12 21:59:04 INFO  TestBase:39 - Navigating to https://naveenautomationlabs.com/opencart/index.php?route=account/login
2023-10-12 21:59:07 INFO  TestBase:45 - Navigated to https://naveenautomationlabs.com/opencart/index.php?route=account/login
2023-10-12 21:59:07 INFO  TestBase:87 - Finding element using By.id: input-email
2023-10-12 21:59:07 INFO  TestBase:93 - Found element using By.id: input-email
2023-10-12 21:59:08 INFO  TestBase:87 - Finding element using By.id: input-password
2023-10-12 21:59:08 INFO  TestBase:93 - Found element using By.id: input-password
2023-10-12 21:59:08 INFO  TestBase:87 - Finding element using By.cssSelector: input[type='Submit']
2023-10-12 21:59:08 INFO  TestBase:93 - Found element using By.cssSelector: input[type='Submit']
2023-10-12 21:59:08 INFO  TestBase:99 - Clicking on 
2023-10-12 21:59:08 INFO  TestBase:105 - Clicked on [[ChromeDriver: chrome on WINDOWS (edf6082180b50b4dd34771a1d43e28e3)] -> css selector: input[type='Submit']]
2023-10-12 21:59:08 INFO  TestBase:87 - Finding element using By.xpath: //aside[@id='column-right']//div//a
2023-10-12 21:59:08 INFO  TestBase:93 - Found element using By.xpath: //aside[@id='column-right']//div//a
2023-10-12 21:59:08 INFO  TestBase:87 - Finding element using By.cssSelector: #content>h2:first-of-type
2023-10-12 21:59:09 INFO  TestBase:93 - Found element using By.cssSelector: #content>h2:first-of-type
2023-10-12 21:59:09 INFO  TestBase:165 - Getting text on My Account
2023-10-12 21:59:09 INFO  TestBase:171 - Got text on My Account
2023-10-12 21:59:10 INFO  TestBase:39 - Navigating to https://naveenautomationlabs.com/opencart/index.php?route=account/login
2023-10-12 21:59:13 INFO  TestBase:45 - Navigated to https://naveenautomationlabs.com/opencart/index.php?route=account/login
2023-10-12 21:59:14 INFO  TestBase:87 - Finding element using By.id: input-email
2023-10-12 21:59:14 INFO  TestBase:93 - Found element using By.id: input-email
2023-10-12 21:59:14 INFO  TestBase:87 - Finding element using By.id: input-password
2023-10-12 21:59:14 INFO  TestBase:93 - Found element using By.id: input-password
2023-10-12 21:59:14 INFO  TestBase:87 - Finding element using By.cssSelector: input[type='Submit']
2023-10-12 21:59:14 INFO  TestBase:93 - Found element using By.cssSelector: input[type='Submit']
2023-10-12 21:59:14 INFO  TestBase:99 - Clicking on 
2023-10-12 21:59:15 INFO  TestBase:105 - Clicked on [[ChromeDriver: chrome on WINDOWS (160ccb47e6f611d2dac083160ddb56cc)] -> css selector: input[type='Submit']]
2023-10-12 21:59:15 INFO  TestBase:87 - Finding element using By.xpath: //aside[@id='column-right']//div//a
2023-10-12 21:59:15 INFO  TestBase:93 - Found element using By.xpath: //aside[@id='column-right']//div//a
2023-10-12 21:59:15 INFO  TestBase:87 - Finding element using By.cssSelector: .alert-danger
2023-10-12 21:59:15 INFO  TestBase:93 - Found element using By.cssSelector: .alert-danger
2023-10-12 21:59:15 INFO  TestBase:165 - Getting text on Warning: No match for E-Mail Address and/or Password.
2023-10-12 21:59:15 INFO  TestBase:171 - Got text on Warning: No match for E-Mail Address and/or Password.
2023-10-12 21:59:16 INFO  TestBase:39 - Navigating to https://naveenautomationlabs.com/opencart/index.php?route=account/login
2023-10-12 21:59:19 INFO  TestBase:45 - Navigated to https://naveenautomationlabs.com/opencart/index.php?route=account/login
2023-10-12 21:59:20 INFO  TestBase:87 - Finding element using By.id: input-email
2023-10-12 21:59:20 INFO  TestBase:93 - Found element using By.id: input-email
2023-10-12 21:59:20 INFO  TestBase:87 - Finding element using By.id: input-password
2023-10-12 21:59:20 INFO  TestBase:93 - Found element using By.id: input-password
2023-10-12 21:59:20 INFO  TestBase:87 - Finding element using By.cssSelector: input[type='Submit']
2023-10-12 21:59:20 INFO  TestBase:93 - Found element using By.cssSelector: input[type='Submit']
2023-10-12 21:59:20 INFO  TestBase:99 - Clicking on 
2023-10-12 21:59:21 INFO  TestBase:105 - Clicked on [[ChromeDriver: chrome on WINDOWS (fe349045516c16930d690ec961ba43f0)] -> css selector: input[type='Submit']]
2023-10-12 21:59:21 INFO  TestBase:87 - Finding element using By.xpath: //aside[@id='column-right']//div//a
2023-10-12 21:59:21 INFO  TestBase:93 - Found element using By.xpath: //aside[@id='column-right']//div//a
2023-10-12 21:59:21 INFO  TestBase:87 - Finding element using By.xpath: //aside[@id='column-right']//div//a
2023-10-12 21:59:21 INFO  TestBase:93 - Found element using By.xpath: //aside[@id='column-right']//div//a
2023-10-12 21:59:21 INFO  TestBase:165 - Getting text on My Account
2023-10-12 21:59:21 INFO  TestBase:171 - Got text on My Account
2023-10-12 21:59:21 INFO  TestBase:165 - Getting text on My Account
2023-10-12 21:59:21 INFO  TestBase:171 - Got text on My Account
2023-10-12 21:59:21 INFO  TestBase:165 - Getting text on Edit Account
2023-10-12 21:59:21 INFO  TestBase:171 - Got text on Edit Account
2023-10-12 21:59:21 INFO  TestBase:165 - Getting text on Edit Account
2023-10-12 21:59:21 INFO  TestBase:171 - Got text on Edit Account
2023-10-12 21:59:21 INFO  TestBase:165 - Getting text on Password
2023-10-12 21:59:21 INFO  TestBase:171 - Got text on Password
2023-10-12 21:59:21 INFO  TestBase:165 - Getting text on Password
2023-10-12 21:59:21 INFO  TestBase:171 - Got text on Password
2023-10-12 21:59:21 INFO  TestBase:99 - Clicking on Password
2023-10-12 21:59:22 INFO  TestBase:105 - Clicked on [[ChromeDriver: chrome on WINDOWS (fe349045516c16930d690ec961ba43f0)] -> xpath: //aside[@id='column-right']//div//a]
2023-10-12 21:59:22 INFO  TestBase:87 - Finding element using By.xpath: //h1[text()='Change Password']
2023-10-12 21:59:22 INFO  TestBase:93 - Found element using By.xpath: //h1[text()='Change Password']
2023-10-12 21:59:22 INFO  TestBase:165 - Getting text on Change Password
2023-10-12 21:59:22 INFO  TestBase:171 - Got text on Change Password
2023-10-12 21:59:22 INFO  TestBase:87 - Finding element using By.cssSelector: #input-password
2023-10-12 21:59:22 INFO  TestBase:93 - Found element using By.cssSelector: #input-password
2023-10-12 21:59:22 INFO  TestBase:87 - Finding element using By.cssSelector: #input-confirm
2023-10-12 21:59:22 INFO  TestBase:93 - Found element using By.cssSelector: #input-confirm
2023-10-12 21:59:22 INFO  TestBase:87 - Finding element using By.cssSelector: input[type='submit']
2023-10-12 21:59:22 INFO  TestBase:93 - Found element using By.cssSelector: input[type='submit']
2023-10-12 21:59:22 INFO  TestBase:99 - Clicking on 
2023-10-12 21:59:23 INFO  TestBase:105 - Clicked on [[ChromeDriver: chrome on WINDOWS (fe349045516c16930d690ec961ba43f0)] -> css selector: input[type='submit']]
2023-10-12 21:59:23 INFO  TestBase:87 - Finding element using By.xpath: //aside[@id='column-right']//div//a
2023-10-12 21:59:23 INFO  TestBase:93 - Found element using By.xpath: //aside[@id='column-right']//div//a
2023-10-12 21:59:23 INFO  TestBase:87 - Finding element using By.cssSelector: div.alert-success
2023-10-12 21:59:23 INFO  TestBase:93 - Found element using By.cssSelector: div.alert-success
2023-10-12 21:59:23 INFO  TestBase:165 - Getting text on Success: Your password has been successfully updated.
2023-10-12 21:59:23 INFO  TestBase:171 - Got text on Success: Your password has been successfully updated.
2023-10-13 17:49:01 INFO  TestBase:39 - Navigating to https://naveenautomationlabs.com/opencart/index.php?route=account/login
2023-10-13 17:49:04 INFO  TestBase:45 - Navigated to https://naveenautomationlabs.com/opencart/index.php?route=account/login
2023-10-13 17:49:07 INFO  TestBase:39 - Navigating to https://naveenautomationlabs.com/opencart/index.php?route=account/login
2023-10-13 17:49:10 INFO  TestBase:45 - Navigated to https://naveenautomationlabs.com/opencart/index.php?route=account/login
2023-10-13 17:49:11 INFO  TestBase:87 - Finding element using By.id: input-email
2023-10-13 17:49:11 INFO  TestBase:93 - Found element using By.id: input-email
2023-10-13 17:49:11 INFO  TestBase:87 - Finding element using By.id: input-password
2023-10-13 17:49:11 INFO  TestBase:93 - Found element using By.id: input-password
2023-10-13 17:49:11 INFO  TestBase:87 - Finding element using By.cssSelector: input[type='Submit']
2023-10-13 17:49:11 INFO  TestBase:93 - Found element using By.cssSelector: input[type='Submit']
2023-10-13 17:49:11 INFO  TestBase:99 - Clicking on 
2023-10-13 17:49:12 INFO  TestBase:105 - Clicked on [[ChromeDriver: chrome on WINDOWS (aa564b2b2a4b1f3df3608cedaadf08a4)] -> css selector: input[type='Submit']]
2023-10-13 17:49:12 INFO  TestBase:87 - Finding element using By.xpath: //aside[@id='column-right']//div//a
2023-10-13 17:49:12 INFO  TestBase:93 - Found element using By.xpath: //aside[@id='column-right']//div//a
2023-10-13 17:49:12 INFO  TestBase:165 - Getting text on Login
2023-10-13 17:49:12 INFO  TestBase:171 - Got text on Login
2023-10-13 17:49:12 INFO  TestBase:165 - Getting text on Login
2023-10-13 17:49:12 INFO  TestBase:171 - Got text on Login
2023-10-13 17:49:12 INFO  TestBase:165 - Getting text on Register
2023-10-13 17:49:12 INFO  TestBase:171 - Got text on Register
2023-10-13 17:49:12 INFO  TestBase:165 - Getting text on Register
2023-10-13 17:49:12 INFO  TestBase:171 - Got text on Register
2023-10-13 17:49:12 INFO  TestBase:165 - Getting text on Forgotten Password
2023-10-13 17:49:12 INFO  TestBase:171 - Got text on Forgotten Password
2023-10-13 17:49:12 INFO  TestBase:165 - Getting text on Forgotten Password
2023-10-13 17:49:12 INFO  TestBase:171 - Got text on Forgotten Password
2023-10-13 17:49:12 INFO  TestBase:165 - Getting text on My Account
2023-10-13 17:49:12 INFO  TestBase:171 - Got text on My Account
2023-10-13 17:49:12 INFO  TestBase:165 - Getting text on My Account
2023-10-13 17:49:12 INFO  TestBase:171 - Got text on My Account
2023-10-13 17:49:12 INFO  TestBase:165 - Getting text on Address Book
2023-10-13 17:49:12 INFO  TestBase:171 - Got text on Address Book
2023-10-13 17:49:12 INFO  TestBase:165 - Getting text on Address Book
2023-10-13 17:49:12 INFO  TestBase:171 - Got text on Address Book
2023-10-13 17:49:12 INFO  TestBase:165 - Getting text on Wish List
2023-10-13 17:49:12 INFO  TestBase:171 - Got text on Wish List
2023-10-13 17:49:12 INFO  TestBase:165 - Getting text on Wish List
2023-10-13 17:49:12 INFO  TestBase:171 - Got text on Wish List
2023-10-13 17:49:12 INFO  TestBase:165 - Getting text on Order History
2023-10-13 17:49:12 INFO  TestBase:171 - Got text on Order History
2023-10-13 17:49:12 INFO  TestBase:165 - Getting text on Order History
2023-10-13 17:49:12 INFO  TestBase:171 - Got text on Order History
2023-10-13 17:49:12 INFO  TestBase:165 - Getting text on Downloads
2023-10-13 17:49:12 INFO  TestBase:171 - Got text on Downloads
2023-10-13 17:49:12 INFO  TestBase:165 - Getting text on Downloads
2023-10-13 17:49:12 INFO  TestBase:171 - Got text on Downloads
2023-10-13 17:49:12 INFO  TestBase:165 - Getting text on Recurring payments
2023-10-13 17:49:12 INFO  TestBase:171 - Got text on Recurring payments
2023-10-13 17:49:12 INFO  TestBase:165 - Getting text on Recurring payments
2023-10-13 17:49:12 INFO  TestBase:171 - Got text on Recurring payments
2023-10-13 17:49:12 INFO  TestBase:165 - Getting text on Reward Points
2023-10-13 17:49:12 INFO  TestBase:171 - Got text on Reward Points
2023-10-13 17:49:13 INFO  TestBase:165 - Getting text on Reward Points
2023-10-13 17:49:13 INFO  TestBase:171 - Got text on Reward Points
2023-10-13 17:49:13 INFO  TestBase:165 - Getting text on Returns
2023-10-13 17:49:13 INFO  TestBase:171 - Got text on Returns
2023-10-13 17:49:13 INFO  TestBase:165 - Getting text on Returns
2023-10-13 17:49:13 INFO  TestBase:171 - Got text on Returns
2023-10-13 17:49:13 INFO  TestBase:165 - Getting text on Transactions
2023-10-13 17:49:13 INFO  TestBase:171 - Got text on Transactions
2023-10-13 17:49:13 INFO  TestBase:165 - Getting text on Transactions
2023-10-13 17:49:13 INFO  TestBase:171 - Got text on Transactions
2023-10-13 17:49:13 INFO  TestBase:165 - Getting text on Newsletter
2023-10-13 17:49:13 INFO  TestBase:171 - Got text on Newsletter
2023-10-13 17:49:13 INFO  TestBase:165 - Getting text on Newsletter
2023-10-13 17:49:13 INFO  TestBase:171 - Got text on Newsletter
2023-10-13 17:49:13 INFO  TestBase:87 - Finding element using By.id: input-firstname
2023-10-13 17:49:44 INFO  TestBase:39 - Navigating to https://naveenautomationlabs.com/opencart/index.php?route=account/login
2023-10-13 17:49:48 INFO  TestBase:45 - Navigated to https://naveenautomationlabs.com/opencart/index.php?route=account/login
2023-10-13 17:49:48 INFO  TestBase:87 - Finding element using By.id: input-email
2023-10-13 17:49:49 INFO  TestBase:93 - Found element using By.id: input-email
2023-10-13 17:49:49 INFO  TestBase:87 - Finding element using By.id: input-password
2023-10-13 17:49:49 INFO  TestBase:93 - Found element using By.id: input-password
2023-10-13 17:49:49 INFO  TestBase:87 - Finding element using By.cssSelector: input[type='Submit']
2023-10-13 17:49:49 INFO  TestBase:93 - Found element using By.cssSelector: input[type='Submit']
2023-10-13 17:49:49 INFO  TestBase:99 - Clicking on 
2023-10-13 17:49:49 INFO  TestBase:105 - Clicked on [[ChromeDriver: chrome on WINDOWS (2d487cc5400f97844e57677bfa254b9d)] -> css selector: input[type='Submit']]
2023-10-13 17:49:49 INFO  TestBase:87 - Finding element using By.xpath: //aside[@id='column-right']//div//a
2023-10-13 17:49:49 INFO  TestBase:93 - Found element using By.xpath: //aside[@id='column-right']//div//a
2023-10-13 17:49:49 INFO  TestBase:87 - Finding element using By.cssSelector: #content>h2:first-of-type
2023-10-13 17:50:21 INFO  TestBase:39 - Navigating to https://naveenautomationlabs.com/opencart/index.php?route=account/login
2023-10-13 17:50:24 INFO  TestBase:45 - Navigated to https://naveenautomationlabs.com/opencart/index.php?route=account/login
2023-10-13 17:50:25 INFO  TestBase:87 - Finding element using By.id: input-email
2023-10-13 17:50:25 INFO  TestBase:93 - Found element using By.id: input-email
2023-10-13 17:50:25 INFO  TestBase:87 - Finding element using By.id: input-password
2023-10-13 17:50:25 INFO  TestBase:93 - Found element using By.id: input-password
2023-10-13 17:50:25 INFO  TestBase:87 - Finding element using By.cssSelector: input[type='Submit']
2023-10-13 17:50:25 INFO  TestBase:93 - Found element using By.cssSelector: input[type='Submit']
2023-10-13 17:50:25 INFO  TestBase:99 - Clicking on 
2023-10-13 17:50:26 INFO  TestBase:105 - Clicked on [[ChromeDriver: chrome on WINDOWS (ace6ce9fb792cbee7b1d92b326959c0f)] -> css selector: input[type='Submit']]
2023-10-13 17:50:26 INFO  TestBase:87 - Finding element using By.xpath: //aside[@id='column-right']//div//a
2023-10-13 17:50:26 INFO  TestBase:93 - Found element using By.xpath: //aside[@id='column-right']//div//a
2023-10-13 17:50:26 INFO  TestBase:87 - Finding element using By.cssSelector: .alert-danger
2023-10-13 17:50:26 INFO  TestBase:93 - Found element using By.cssSelector: .alert-danger
2023-10-13 17:50:26 INFO  TestBase:165 - Getting text on Warning: No match for E-Mail Address and/or Password.
2023-10-13 17:50:26 INFO  TestBase:171 - Got text on Warning: No match for E-Mail Address and/or Password.
2023-10-13 17:50:27 INFO  TestBase:39 - Navigating to https://naveenautomationlabs.com/opencart/index.php?route=account/login
2023-10-13 17:50:31 INFO  TestBase:45 - Navigated to https://naveenautomationlabs.com/opencart/index.php?route=account/login
2023-10-13 17:50:32 INFO  TestBase:87 - Finding element using By.id: input-email
2023-10-13 17:50:32 INFO  TestBase:93 - Found element using By.id: input-email
2023-10-13 17:50:32 INFO  TestBase:87 - Finding element using By.id: input-password
2023-10-13 17:50:32 INFO  TestBase:93 - Found element using By.id: input-password
2023-10-13 17:50:32 INFO  TestBase:87 - Finding element using By.cssSelector: input[type='Submit']
2023-10-13 17:50:32 INFO  TestBase:93 - Found element using By.cssSelector: input[type='Submit']
2023-10-13 17:50:32 INFO  TestBase:99 - Clicking on 
2023-10-13 17:50:33 INFO  TestBase:105 - Clicked on [[ChromeDriver: chrome on WINDOWS (9c36576feb6ebdff36bf51954d314ab5)] -> css selector: input[type='Submit']]
2023-10-13 17:50:33 INFO  TestBase:87 - Finding element using By.xpath: //aside[@id='column-right']//div//a
2023-10-13 17:50:33 INFO  TestBase:93 - Found element using By.xpath: //aside[@id='column-right']//div//a
2023-10-13 17:50:33 INFO  TestBase:87 - Finding element using By.xpath: //aside[@id='column-right']//div//a
2023-10-13 17:50:33 INFO  TestBase:93 - Found element using By.xpath: //aside[@id='column-right']//div//a
2023-10-13 17:50:33 INFO  TestBase:165 - Getting text on My Account
2023-10-13 17:50:33 INFO  TestBase:171 - Got text on My Account
2023-10-13 17:50:33 INFO  TestBase:165 - Getting text on My Account
2023-10-13 17:50:33 INFO  TestBase:171 - Got text on My Account
2023-10-13 17:50:33 INFO  TestBase:165 - Getting text on Edit Account
2023-10-13 17:50:33 INFO  TestBase:171 - Got text on Edit Account
2023-10-13 17:50:33 INFO  TestBase:165 - Getting text on Edit Account
2023-10-13 17:50:33 INFO  TestBase:171 - Got text on Edit Account
2023-10-13 17:50:33 INFO  TestBase:165 - Getting text on Password
2023-10-13 17:50:33 INFO  TestBase:171 - Got text on Password
2023-10-13 17:50:33 INFO  TestBase:165 - Getting text on Password
2023-10-13 17:50:33 INFO  TestBase:171 - Got text on Password
2023-10-13 17:50:33 INFO  TestBase:99 - Clicking on Password
2023-10-13 17:50:34 INFO  TestBase:105 - Clicked on [[ChromeDriver: chrome on WINDOWS (9c36576feb6ebdff36bf51954d314ab5)] -> xpath: //aside[@id='column-right']//div//a]
2023-10-13 17:50:34 INFO  TestBase:87 - Finding element using By.xpath: //h1[text()='Change Password']
2023-10-13 17:50:34 INFO  TestBase:93 - Found element using By.xpath: //h1[text()='Change Password']
2023-10-13 17:50:34 INFO  TestBase:165 - Getting text on Change Password
2023-10-13 17:50:34 INFO  TestBase:171 - Got text on Change Password
2023-10-13 17:50:34 INFO  TestBase:87 - Finding element using By.cssSelector: #input-password
2023-10-13 17:50:34 INFO  TestBase:93 - Found element using By.cssSelector: #input-password
2023-10-13 17:50:34 INFO  TestBase:87 - Finding element using By.cssSelector: #input-confirm
2023-10-13 17:50:34 INFO  TestBase:93 - Found element using By.cssSelector: #input-confirm
2023-10-13 17:50:34 INFO  TestBase:87 - Finding element using By.cssSelector: input[type='submit']
2023-10-13 17:50:34 INFO  TestBase:93 - Found element using By.cssSelector: input[type='submit']
2023-10-13 17:50:34 INFO  TestBase:99 - Clicking on 
2023-10-13 17:50:35 INFO  TestBase:105 - Clicked on [[ChromeDriver: chrome on WINDOWS (9c36576feb6ebdff36bf51954d314ab5)] -> css selector: input[type='submit']]
2023-10-13 17:50:35 INFO  TestBase:87 - Finding element using By.xpath: //aside[@id='column-right']//div//a
2023-10-13 17:50:35 INFO  TestBase:93 - Found element using By.xpath: //aside[@id='column-right']//div//a
2023-10-13 17:50:35 INFO  TestBase:87 - Finding element using By.cssSelector: div.alert-success
2023-10-13 17:50:35 INFO  TestBase:93 - Found element using By.cssSelector: div.alert-success
2023-10-13 17:50:35 INFO  TestBase:165 - Getting text on Success: Your password has been successfully updated.
2023-10-13 17:50:35 INFO  TestBase:171 - Got text on Success: Your password has been successfully updated.
2023-10-13 19:14:09 INFO  TestBase:39 - Navigating to https://naveenautomationlabs.com/opencart/index.php?route=account/login
2023-10-13 19:14:12 INFO  TestBase:45 - Navigated to https://naveenautomationlabs.com/opencart/index.php?route=account/login
2023-10-13 19:14:14 INFO  TestBase:39 - Navigating to https://naveenautomationlabs.com/opencart/index.php?route=account/login
2023-10-13 19:14:17 INFO  TestBase:45 - Navigated to https://naveenautomationlabs.com/opencart/index.php?route=account/login
2023-10-13 19:14:17 INFO  TestBase:87 - Finding element using By.id: input-email
2023-10-13 19:14:17 INFO  TestBase:93 - Found element using By.id: input-email
2023-10-13 19:14:18 INFO  TestBase:87 - Finding element using By.id: input-password
2023-10-13 19:14:18 INFO  TestBase:93 - Found element using By.id: input-password
2023-10-13 19:14:18 INFO  TestBase:87 - Finding element using By.cssSelector: input[type='Submit']
2023-10-13 19:14:18 INFO  TestBase:93 - Found element using By.cssSelector: input[type='Submit']
2023-10-13 19:14:18 INFO  TestBase:99 - Clicking on 
2023-10-13 19:14:18 INFO  TestBase:105 - Clicked on [[ChromeDriver: chrome on WINDOWS (857537a97ec59c0dfeab874b5bc11cec)] -> css selector: input[type='Submit']]
2023-10-13 19:14:18 INFO  TestBase:87 - Finding element using By.xpath: //aside[@id='column-right']//div//a
2023-10-13 19:14:18 INFO  TestBase:93 - Found element using By.xpath: //aside[@id='column-right']//div//a
2023-10-13 19:14:18 INFO  TestBase:165 - Getting text on Login
2023-10-13 19:14:18 INFO  TestBase:171 - Got text on Login
2023-10-13 19:14:18 INFO  TestBase:165 - Getting text on Login
2023-10-13 19:14:18 INFO  TestBase:171 - Got text on Login
2023-10-13 19:14:18 INFO  TestBase:165 - Getting text on Register
2023-10-13 19:14:18 INFO  TestBase:171 - Got text on Register
2023-10-13 19:14:18 INFO  TestBase:165 - Getting text on Register
2023-10-13 19:14:18 INFO  TestBase:171 - Got text on Register
2023-10-13 19:14:18 INFO  TestBase:165 - Getting text on Forgotten Password
2023-10-13 19:14:18 INFO  TestBase:171 - Got text on Forgotten Password
2023-10-13 19:14:18 INFO  TestBase:165 - Getting text on Forgotten Password
2023-10-13 19:14:18 INFO  TestBase:171 - Got text on Forgotten Password
2023-10-13 19:14:18 INFO  TestBase:165 - Getting text on My Account
2023-10-13 19:14:18 INFO  TestBase:171 - Got text on My Account
2023-10-13 19:14:18 INFO  TestBase:165 - Getting text on My Account
2023-10-13 19:14:18 INFO  TestBase:171 - Got text on My Account
2023-10-13 19:14:19 INFO  TestBase:165 - Getting text on Address Book
2023-10-13 19:14:19 INFO  TestBase:171 - Got text on Address Book
2023-10-13 19:14:19 INFO  TestBase:165 - Getting text on Address Book
2023-10-13 19:14:19 INFO  TestBase:171 - Got text on Address Book
2023-10-13 19:14:19 INFO  TestBase:165 - Getting text on Wish List
2023-10-13 19:14:19 INFO  TestBase:171 - Got text on Wish List
2023-10-13 19:14:19 INFO  TestBase:165 - Getting text on Wish List
2023-10-13 19:14:19 INFO  TestBase:171 - Got text on Wish List
2023-10-13 19:14:19 INFO  TestBase:165 - Getting text on Order History
2023-10-13 19:14:19 INFO  TestBase:171 - Got text on Order History
2023-10-13 19:14:19 INFO  TestBase:165 - Getting text on Order History
2023-10-13 19:14:19 INFO  TestBase:171 - Got text on Order History
2023-10-13 19:14:19 INFO  TestBase:165 - Getting text on Downloads
2023-10-13 19:14:19 INFO  TestBase:171 - Got text on Downloads
2023-10-13 19:14:19 INFO  TestBase:165 - Getting text on Downloads
2023-10-13 19:14:19 INFO  TestBase:171 - Got text on Downloads
2023-10-13 19:14:19 INFO  TestBase:165 - Getting text on Recurring payments
2023-10-13 19:14:19 INFO  TestBase:171 - Got text on Recurring payments
2023-10-13 19:14:19 INFO  TestBase:165 - Getting text on Recurring payments
2023-10-13 19:14:19 INFO  TestBase:171 - Got text on Recurring payments
2023-10-13 19:14:19 INFO  TestBase:165 - Getting text on Reward Points
2023-10-13 19:14:19 INFO  TestBase:171 - Got text on Reward Points
2023-10-13 19:14:19 INFO  TestBase:165 - Getting text on Reward Points
2023-10-13 19:14:19 INFO  TestBase:171 - Got text on Reward Points
2023-10-13 19:14:19 INFO  TestBase:165 - Getting text on Returns
2023-10-13 19:14:19 INFO  TestBase:171 - Got text on Returns
2023-10-13 19:14:19 INFO  TestBase:165 - Getting text on Returns
2023-10-13 19:14:19 INFO  TestBase:171 - Got text on Returns
2023-10-13 19:14:19 INFO  TestBase:165 - Getting text on Transactions
2023-10-13 19:14:19 INFO  TestBase:171 - Got text on Transactions
2023-10-13 19:14:19 INFO  TestBase:165 - Getting text on Transactions
2023-10-13 19:14:19 INFO  TestBase:171 - Got text on Transactions
2023-10-13 19:14:19 INFO  TestBase:165 - Getting text on Newsletter
2023-10-13 19:14:19 INFO  TestBase:171 - Got text on Newsletter
2023-10-13 19:14:19 INFO  TestBase:165 - Getting text on Newsletter
2023-10-13 19:14:19 INFO  TestBase:171 - Got text on Newsletter
2023-10-13 19:14:19 INFO  TestBase:87 - Finding element using By.id: input-firstname
2023-10-13 19:14:50 INFO  TestBase:39 - Navigating to https://naveenautomationlabs.com/opencart/index.php?route=account/login
2023-10-13 19:14:53 INFO  TestBase:45 - Navigated to https://naveenautomationlabs.com/opencart/index.php?route=account/login
2023-10-13 19:14:54 INFO  TestBase:87 - Finding element using By.id: input-email
2023-10-13 19:14:54 INFO  TestBase:93 - Found element using By.id: input-email
2023-10-13 19:14:54 INFO  TestBase:87 - Finding element using By.id: input-password
2023-10-13 19:14:54 INFO  TestBase:93 - Found element using By.id: input-password
2023-10-13 19:14:54 INFO  TestBase:87 - Finding element using By.cssSelector: input[type='Submit']
2023-10-13 19:14:54 INFO  TestBase:93 - Found element using By.cssSelector: input[type='Submit']
2023-10-13 19:14:54 INFO  TestBase:99 - Clicking on 
2023-10-13 19:14:55 INFO  TestBase:105 - Clicked on [[ChromeDriver: chrome on WINDOWS (b280645628ba5b21ec6f28c087ff67ca)] -> css selector: input[type='Submit']]
2023-10-13 19:14:55 INFO  TestBase:87 - Finding element using By.xpath: //aside[@id='column-right']//div//a
2023-10-13 19:14:55 INFO  TestBase:93 - Found element using By.xpath: //aside[@id='column-right']//div//a
2023-10-13 19:14:55 INFO  TestBase:87 - Finding element using By.cssSelector: #content>h2:first-of-type
2023-10-13 19:15:26 INFO  TestBase:39 - Navigating to https://naveenautomationlabs.com/opencart/index.php?route=account/login
2023-10-13 19:15:29 INFO  TestBase:45 - Navigated to https://naveenautomationlabs.com/opencart/index.php?route=account/login
2023-10-13 19:15:30 INFO  TestBase:87 - Finding element using By.id: input-email
2023-10-13 19:15:30 INFO  TestBase:93 - Found element using By.id: input-email
2023-10-13 19:15:30 INFO  TestBase:87 - Finding element using By.id: input-password
2023-10-13 19:15:30 INFO  TestBase:93 - Found element using By.id: input-password
2023-10-13 19:15:30 INFO  TestBase:87 - Finding element using By.cssSelector: input[type='Submit']
2023-10-13 19:15:30 INFO  TestBase:93 - Found element using By.cssSelector: input[type='Submit']
2023-10-13 19:15:30 INFO  TestBase:99 - Clicking on 
2023-10-13 19:15:31 INFO  TestBase:105 - Clicked on [[ChromeDriver: chrome on WINDOWS (a1cd0dde761ec0ac0b61712d92ca1f06)] -> css selector: input[type='Submit']]
2023-10-13 19:15:31 INFO  TestBase:87 - Finding element using By.xpath: //aside[@id='column-right']//div//a
2023-10-13 19:15:31 INFO  TestBase:93 - Found element using By.xpath: //aside[@id='column-right']//div//a
2023-10-13 19:15:31 INFO  TestBase:87 - Finding element using By.cssSelector: .alert-danger
2023-10-13 19:15:31 INFO  TestBase:93 - Found element using By.cssSelector: .alert-danger
2023-10-13 19:15:31 INFO  TestBase:165 - Getting text on Warning: No match for E-Mail Address and/or Password.
2023-10-13 19:15:31 INFO  TestBase:171 - Got text on Warning: No match for E-Mail Address and/or Password.
2023-10-13 19:15:32 INFO  TestBase:39 - Navigating to https://naveenautomationlabs.com/opencart/index.php?route=account/login
2023-10-13 19:15:35 INFO  TestBase:45 - Navigated to https://naveenautomationlabs.com/opencart/index.php?route=account/login
2023-10-13 19:15:36 INFO  TestBase:87 - Finding element using By.id: input-email
2023-10-13 19:15:36 INFO  TestBase:93 - Found element using By.id: input-email
2023-10-13 19:15:36 INFO  TestBase:87 - Finding element using By.id: input-password
2023-10-13 19:15:36 INFO  TestBase:93 - Found element using By.id: input-password
2023-10-13 19:15:36 INFO  TestBase:87 - Finding element using By.cssSelector: input[type='Submit']
2023-10-13 19:15:36 INFO  TestBase:93 - Found element using By.cssSelector: input[type='Submit']
2023-10-13 19:15:36 INFO  TestBase:99 - Clicking on 
2023-10-13 19:15:37 INFO  TestBase:105 - Clicked on [[ChromeDriver: chrome on WINDOWS (8805b59bea3185d39917dadc12936914)] -> css selector: input[type='Submit']]
2023-10-13 19:15:37 INFO  TestBase:87 - Finding element using By.xpath: //aside[@id='column-right']//div//a
2023-10-13 19:15:37 INFO  TestBase:93 - Found element using By.xpath: //aside[@id='column-right']//div//a
2023-10-13 19:15:37 INFO  TestBase:87 - Finding element using By.xpath: //aside[@id='column-right']//div//a
2023-10-13 19:15:37 INFO  TestBase:93 - Found element using By.xpath: //aside[@id='column-right']//div//a
2023-10-13 19:15:37 INFO  TestBase:165 - Getting text on Login
2023-10-13 19:15:37 INFO  TestBase:171 - Got text on Login
2023-10-13 19:15:37 INFO  TestBase:165 - Getting text on Login
2023-10-13 19:15:37 INFO  TestBase:171 - Got text on Login
2023-10-13 19:15:37 INFO  TestBase:165 - Getting text on Register
2023-10-13 19:15:37 INFO  TestBase:171 - Got text on Register
2023-10-13 19:15:37 INFO  TestBase:165 - Getting text on Register
2023-10-13 19:15:37 INFO  TestBase:171 - Got text on Register
2023-10-13 19:15:37 INFO  TestBase:165 - Getting text on Forgotten Password
2023-10-13 19:15:37 INFO  TestBase:171 - Got text on Forgotten Password
2023-10-13 19:15:37 INFO  TestBase:165 - Getting text on Forgotten Password
2023-10-13 19:15:37 INFO  TestBase:171 - Got text on Forgotten Password
2023-10-13 19:15:37 INFO  TestBase:165 - Getting text on My Account
2023-10-13 19:15:37 INFO  TestBase:171 - Got text on My Account
2023-10-13 19:15:37 INFO  TestBase:165 - Getting text on My Account
2023-10-13 19:15:37 INFO  TestBase:171 - Got text on My Account
2023-10-13 19:15:37 INFO  TestBase:165 - Getting text on Address Book
2023-10-13 19:15:37 INFO  TestBase:171 - Got text on Address Book
2023-10-13 19:15:37 INFO  TestBase:165 - Getting text on Address Book
2023-10-13 19:15:37 INFO  TestBase:171 - Got text on Address Book
2023-10-13 19:15:37 INFO  TestBase:165 - Getting text on Wish List
2023-10-13 19:15:37 INFO  TestBase:171 - Got text on Wish List
2023-10-13 19:15:37 INFO  TestBase:165 - Getting text on Wish List
2023-10-13 19:15:37 INFO  TestBase:171 - Got text on Wish List
2023-10-13 19:15:37 INFO  TestBase:165 - Getting text on Order History
2023-10-13 19:15:37 INFO  TestBase:171 - Got text on Order History
2023-10-13 19:15:37 INFO  TestBase:165 - Getting text on Order History
2023-10-13 19:15:37 INFO  TestBase:171 - Got text on Order History
2023-10-13 19:15:37 INFO  TestBase:165 - Getting text on Downloads
2023-10-13 19:15:37 INFO  TestBase:171 - Got text on Downloads
2023-10-13 19:15:37 INFO  TestBase:165 - Getting text on Downloads
2023-10-13 19:15:37 INFO  TestBase:171 - Got text on Downloads
2023-10-13 19:15:37 INFO  TestBase:165 - Getting text on Recurring payments
2023-10-13 19:15:37 INFO  TestBase:171 - Got text on Recurring payments
2023-10-13 19:15:37 INFO  TestBase:165 - Getting text on Recurring payments
2023-10-13 19:15:37 INFO  TestBase:171 - Got text on Recurring payments
2023-10-13 19:15:37 INFO  TestBase:165 - Getting text on Reward Points
2023-10-13 19:15:38 INFO  TestBase:171 - Got text on Reward Points
2023-10-13 19:15:38 INFO  TestBase:165 - Getting text on Reward Points
2023-10-13 19:15:38 INFO  TestBase:171 - Got text on Reward Points
2023-10-13 19:15:38 INFO  TestBase:165 - Getting text on Returns
2023-10-13 19:15:38 INFO  TestBase:171 - Got text on Returns
2023-10-13 19:15:38 INFO  TestBase:165 - Getting text on Returns
2023-10-13 19:15:38 INFO  TestBase:171 - Got text on Returns
2023-10-13 19:15:38 INFO  TestBase:165 - Getting text on Transactions
2023-10-13 19:15:38 INFO  TestBase:171 - Got text on Transactions
2023-10-13 19:15:38 INFO  TestBase:165 - Getting text on Transactions
2023-10-13 19:15:38 INFO  TestBase:171 - Got text on Transactions
2023-10-13 19:15:38 INFO  TestBase:165 - Getting text on Newsletter
2023-10-13 19:15:38 INFO  TestBase:171 - Got text on Newsletter
2023-10-13 19:15:38 INFO  TestBase:165 - Getting text on Newsletter
2023-10-13 19:15:38 INFO  TestBase:171 - Got text on Newsletter
2023-10-13 19:15:38 INFO  TestBase:87 - Finding element using By.xpath: //h1[text()='Change Password']
